<?xml version="1.0" encoding="UTF-8"?>
<testsuite xmlns:xsi="http://www.w3.org/2001/XMLSchema-instance" xsi:noNamespaceSchemaLocation="https://maven.apache.org/surefire/maven-surefire-plugin/xsd/surefire-test-report.xsd" version="3.0.2" name="TestClasses.ProductsTest" time="71.544" tests="4" errors="0" skipped="0" failures="0">
  <properties>
[...]
</properties>
  <testcase name="addAndRemoveToCartProductsPage" classname="TestClasses.ProductsTest" time="12.833"/>
  <testcase name="addAndRemoveToCartBackToProductsPage" classname="TestClasses.ProductsTest" time="13.56"/>
  <testcase name="addAndRemoveToCartYourCartPage" classname="TestClasses.ProductsTest" time="22.884"/>
  <testcase name="sortDropDownMenu" classname="TestClasses.ProductsTest" time="22.265"/>
</testsuite>